[23.08.2024 12:43:38] Xəta: View (C:\xampp\htdocs\eshop/app/views/admin/main/index.php) tapılmadı! | Fayl: C:\xampp\htdocs\eshop\vendor\core\View.php | Xətt: 35
=====================
[23.08.2024 12:43:39] Xəta: Səhifə tapılmadı! | Fayl: C:\xampp\htdocs\eshop\vendor\core\Router.php | Xətt: 67
=====================
[23.08.2024 12:44:08] Xəta: Səhifə tapılmadı! | Fayl: C:\xampp\htdocs\eshop\vendor\core\Router.php | Xətt: 67
=====================
[23.08.2024 12:44:08] Xəta: Səhifə tapılmadı! | Fayl: C:\xampp\htdocs\eshop\vendor\core\Router.php | Xətt: 67
=====================
[23.08.2024 12:44:08] Xəta: Səhifə tapılmadı! | Fayl: C:\xampp\htdocs\eshop\vendor\core\Router.php | Xətt: 67
=====================
[23.08.2024 12:44:08] Xəta: Səhifə tapılmadı! | Fayl: C:\xampp\htdocs\eshop\vendor\core\Router.php | Xətt: 67
=====================
[23.08.2024 12:44:08] Xəta: Səhifə tapılmadı! | Fayl: C:\xampp\htdocs\eshop\vendor\core\Router.php | Xətt: 67
=====================
[23.08.2024 12:44:08] Xəta: Səhifə tapılmadı! | Fayl: C:\xampp\htdocs\eshop\vendor\core\Router.php | Xətt: 67
=====================
[23.08.2024 12:44:08] Xəta: Səhifə tapılmadı! | Fayl: C:\xampp\htdocs\eshop\vendor\core\Router.php | Xətt: 67
=====================
[23.08.2024 12:44:08] Xəta: Səhifə tapılmadı! | Fayl: C:\xampp\htdocs\eshop\vendor\core\Router.php | Xətt: 67
=====================
[23.08.2024 12:44:08] Xəta: Səhifə tapılmadı! | Fayl: C:\xampp\htdocs\eshop\vendor\core\Router.php | Xətt: 67
=====================
[23.08.2024 12:44:08] Xəta: Səhifə tapılmadı! | Fayl: C:\xampp\htdocs\eshop\vendor\core\Router.php | Xətt: 67
=====================
[23.08.2024 12:44:12] Xəta: Səhifə tapılmadı! | Fayl: C:\xampp\htdocs\eshop\vendor\core\Router.php | Xətt: 67
=====================
[23.08.2024 12:44:12] Xəta: Səhifə tapılmadı! | Fayl: C:\xampp\htdocs\eshop\vendor\core\Router.php | Xətt: 67
=====================
[23.08.2024 12:45:52] Xəta: Səhifə tapılmadı! | Fayl: C:\xampp\htdocs\eshop\vendor\core\Router.php | Xətt: 67
=====================
[23.08.2024 12:45:52] Xəta: Səhifə tapılmadı! | Fayl: C:\xampp\htdocs\eshop\vendor\core\Router.php | Xətt: 67
=====================
[23.08.2024 12:45:52] Xəta: Səhifə tapılmadı! | Fayl: C:\xampp\htdocs\eshop\vendor\core\Router.php | Xətt: 67
=====================
[23.08.2024 12:45:52] Xəta: Səhifə tapılmadı! | Fayl: C:\xampp\htdocs\eshop\vendor\core\Router.php | Xətt: 67
=====================
[23.08.2024 12:45:52] Xəta: Səhifə tapılmadı! | Fayl: C:\xampp\htdocs\eshop\vendor\core\Router.php | Xətt: 67
=====================
[23.08.2024 12:45:52] Xəta: Səhifə tapılmadı! | Fayl: C:\xampp\htdocs\eshop\vendor\core\Router.php | Xətt: 67
=====================
[23.08.2024 12:45:52] Xəta: Səhifə tapılmadı! | Fayl: C:\xampp\htdocs\eshop\vendor\core\Router.php | Xətt: 67
=====================
[23.08.2024 12:45:52] Xəta: Səhifə tapılmadı! | Fayl: C:\xampp\htdocs\eshop\vendor\core\Router.php | Xətt: 67
=====================
[23.08.2024 12:45:53] Xəta: Səhifə tapılmadı! | Fayl: C:\xampp\htdocs\eshop\vendor\core\Router.php | Xətt: 67
=====================
[23.08.2024 12:45:53] Xəta: Səhifə tapılmadı! | Fayl: C:\xampp\htdocs\eshop\vendor\core\Router.php | Xətt: 67
=====================
[23.08.2024 12:45:53] Xəta: Səhifə tapılmadı! | Fayl: C:\xampp\htdocs\eshop\vendor\core\Router.php | Xətt: 67
=====================
[23.08.2024 12:45:53] Xəta: Səhifə tapılmadı! | Fayl: C:\xampp\htdocs\eshop\vendor\core\Router.php | Xətt: 67
=====================
[23.08.2024 12:45:53] Xəta: Səhifə tapılmadı! | Fayl: C:\xampp\htdocs\eshop\vendor\core\Router.php | Xətt: 67
=====================
[23.08.2024 12:45:53] Xəta: Səhifə tapılmadı! | Fayl: C:\xampp\htdocs\eshop\vendor\core\Router.php | Xətt: 67
=====================
[23.08.2024 12:45:53] Xəta: Səhifə tapılmadı! | Fayl: C:\xampp\htdocs\eshop\vendor\core\Router.php | Xətt: 67
=====================
[23.08.2024 12:45:53] Xəta: Səhifə tapılmadı! | Fayl: C:\xampp\htdocs\eshop\vendor\core\Router.php | Xətt: 67
=====================
[23.08.2024 12:45:53] Xəta: Səhifə tapılmadı! | Fayl: C:\xampp\htdocs\eshop\vendor\core\Router.php | Xətt: 67
=====================
[23.08.2024 12:45:53] Xəta: Səhifə tapılmadı! | Fayl: C:\xampp\htdocs\eshop\vendor\core\Router.php | Xətt: 67
=====================
[23.08.2024 12:45:53] Xəta: Səhifə tapılmadı! | Fayl: C:\xampp\htdocs\eshop\vendor\core\Router.php | Xətt: 67
=====================
[23.08.2024 12:45:53] Xəta: Səhifə tapılmadı! | Fayl: C:\xampp\htdocs\eshop\vendor\core\Router.php | Xətt: 67
=====================
[23.08.2024 12:45:53] Xəta: Səhifə tapılmadı! | Fayl: C:\xampp\htdocs\eshop\vendor\core\Router.php | Xətt: 67
=====================
[23.08.2024 12:45:53] Xəta: Səhifə tapılmadı! | Fayl: C:\xampp\htdocs\eshop\vendor\core\Router.php | Xətt: 67
=====================
[23.08.2024 12:45:53] Xəta: Səhifə tapılmadı! | Fayl: C:\xampp\htdocs\eshop\vendor\core\Router.php | Xətt: 67
=====================
[23.08.2024 12:45:53] Xəta: Səhifə tapılmadı! | Fayl: C:\xampp\htdocs\eshop\vendor\core\Router.php | Xətt: 67
=====================
[23.08.2024 12:45:53] Xəta: Səhifə tapılmadı! | Fayl: C:\xampp\htdocs\eshop\vendor\core\Router.php | Xətt: 67
=====================
[23.08.2024 12:45:53] Xəta: Səhifə tapılmadı! | Fayl: C:\xampp\htdocs\eshop\vendor\core\Router.php | Xətt: 67
=====================
[23.08.2024 12:45:53] Xəta: Səhifə tapılmadı! | Fayl: C:\xampp\htdocs\eshop\vendor\core\Router.php | Xətt: 67
=====================
[23.08.2024 12:45:53] Xəta: Səhifə tapılmadı! | Fayl: C:\xampp\htdocs\eshop\vendor\core\Router.php | Xətt: 67
=====================
[23.08.2024 12:45:53] Xəta: Səhifə tapılmadı! | Fayl: C:\xampp\htdocs\eshop\vendor\core\Router.php | Xətt: 67
=====================
[23.08.2024 12:45:53] Xəta: Səhifə tapılmadı! | Fayl: C:\xampp\htdocs\eshop\vendor\core\Router.php | Xətt: 67
=====================
[23.08.2024 12:45:53] Xəta: Səhifə tapılmadı! | Fayl: C:\xampp\htdocs\eshop\vendor\core\Router.php | Xətt: 67
=====================
[23.08.2024 12:45:53] Xəta: Səhifə tapılmadı! | Fayl: C:\xampp\htdocs\eshop\vendor\core\Router.php | Xətt: 67
=====================
[23.08.2024 12:45:53] Xəta: Səhifə tapılmadı! | Fayl: C:\xampp\htdocs\eshop\vendor\core\Router.php | Xətt: 67
=====================
[23.08.2024 12:45:53] Xəta: Səhifə tapılmadı! | Fayl: C:\xampp\htdocs\eshop\vendor\core\Router.php | Xətt: 67
=====================
[23.08.2024 12:45:53] Xəta: Səhifə tapılmadı! | Fayl: C:\xampp\htdocs\eshop\vendor\core\Router.php | Xətt: 67
=====================
[23.08.2024 12:45:53] Xəta: Səhifə tapılmadı! | Fayl: C:\xampp\htdocs\eshop\vendor\core\Router.php | Xətt: 67
=====================
[23.08.2024 12:45:53] Xəta: Səhifə tapılmadı! | Fayl: C:\xampp\htdocs\eshop\vendor\core\Router.php | Xətt: 67
=====================
[23.08.2024 12:45:53] Xəta: Səhifə tapılmadı! | Fayl: C:\xampp\htdocs\eshop\vendor\core\Router.php | Xətt: 67
=====================
[23.08.2024 12:45:53] Xəta: Səhifə tapılmadı! | Fayl: C:\xampp\htdocs\eshop\vendor\core\Router.php | Xətt: 67
=====================
[23.08.2024 12:45:53] Xəta: Səhifə tapılmadı! | Fayl: C:\xampp\htdocs\eshop\vendor\core\Router.php | Xətt: 67
=====================
[23.08.2024 12:45:54] Xəta: Səhifə tapılmadı! | Fayl: C:\xampp\htdocs\eshop\vendor\core\Router.php | Xətt: 67
=====================
[23.08.2024 12:45:54] Xəta: Səhifə tapılmadı! | Fayl: C:\xampp\htdocs\eshop\vendor\core\Router.php | Xətt: 67
=====================
[23.08.2024 12:45:54] Xəta: Səhifə tapılmadı! | Fayl: C:\xampp\htdocs\eshop\vendor\core\Router.php | Xətt: 67
=====================
[23.08.2024 12:45:54] Xəta: Səhifə tapılmadı! | Fayl: C:\xampp\htdocs\eshop\vendor\core\Router.php | Xətt: 67
=====================
[23.08.2024 12:45:54] Xəta: Səhifə tapılmadı! | Fayl: C:\xampp\htdocs\eshop\vendor\core\Router.php | Xətt: 67
=====================
[23.08.2024 12:45:54] Xəta: Səhifə tapılmadı! | Fayl: C:\xampp\htdocs\eshop\vendor\core\Router.php | Xətt: 67
=====================
[23.08.2024 12:45:54] Xəta: Səhifə tapılmadı! | Fayl: C:\xampp\htdocs\eshop\vendor\core\Router.php | Xətt: 67
=====================
[23.08.2024 12:45:54] Xəta: Səhifə tapılmadı! | Fayl: C:\xampp\htdocs\eshop\vendor\core\Router.php | Xətt: 67
=====================
[23.08.2024 12:45:54] Xəta: Səhifə tapılmadı! | Fayl: C:\xampp\htdocs\eshop\vendor\core\Router.php | Xətt: 67
=====================
[23.08.2024 12:45:54] Xəta: Səhifə tapılmadı! | Fayl: C:\xampp\htdocs\eshop\vendor\core\Router.php | Xətt: 67
=====================
[23.08.2024 12:47:12] Xəta: Səhifə tapılmadı! | Fayl: C:\xampp\htdocs\eshop\vendor\core\Router.php | Xətt: 67
=====================
[23.08.2024 12:47:12] Xəta: Səhifə tapılmadı! | Fayl: C:\xampp\htdocs\eshop\vendor\core\Router.php | Xətt: 67
=====================
[23.08.2024 12:47:12] Xəta: Səhifə tapılmadı! | Fayl: C:\xampp\htdocs\eshop\vendor\core\Router.php | Xətt: 67
=====================
[23.08.2024 12:47:12] Xəta: Səhifə tapılmadı! | Fayl: C:\xampp\htdocs\eshop\vendor\core\Router.php | Xətt: 67
=====================
[23.08.2024 12:47:12] Xəta: Səhifə tapılmadı! | Fayl: C:\xampp\htdocs\eshop\vendor\core\Router.php | Xətt: 67
=====================
[23.08.2024 12:47:12] Xəta: Səhifə tapılmadı! | Fayl: C:\xampp\htdocs\eshop\vendor\core\Router.php | Xətt: 67
=====================
[23.08.2024 12:47:12] Xəta: Səhifə tapılmadı! | Fayl: C:\xampp\htdocs\eshop\vendor\core\Router.php | Xətt: 67
=====================
[23.08.2024 12:47:12] Xəta: Səhifə tapılmadı! | Fayl: C:\xampp\htdocs\eshop\vendor\core\Router.php | Xətt: 67
=====================
[23.08.2024 12:47:12] Xəta: Səhifə tapılmadı! | Fayl: C:\xampp\htdocs\eshop\vendor\core\Router.php | Xətt: 67
=====================
[23.08.2024 12:47:12] Xəta: Səhifə tapılmadı! | Fayl: C:\xampp\htdocs\eshop\vendor\core\Router.php | Xətt: 67
=====================
[23.08.2024 12:47:12] Xəta: Səhifə tapılmadı! | Fayl: C:\xampp\htdocs\eshop\vendor\core\Router.php | Xətt: 67
=====================
[23.08.2024 12:47:12] Xəta: Səhifə tapılmadı! | Fayl: C:\xampp\htdocs\eshop\vendor\core\Router.php | Xətt: 67
=====================
[23.08.2024 12:47:12] Xəta: Səhifə tapılmadı! | Fayl: C:\xampp\htdocs\eshop\vendor\core\Router.php | Xətt: 67
=====================
[23.08.2024 12:47:12] Xəta: Səhifə tapılmadı! | Fayl: C:\xampp\htdocs\eshop\vendor\core\Router.php | Xətt: 67
=====================
[23.08.2024 12:47:12] Xəta: Səhifə tapılmadı! | Fayl: C:\xampp\htdocs\eshop\vendor\core\Router.php | Xətt: 67
=====================
[23.08.2024 12:47:12] Xəta: Səhifə tapılmadı! | Fayl: C:\xampp\htdocs\eshop\vendor\core\Router.php | Xətt: 67
=====================
[23.08.2024 12:47:12] Xəta: Səhifə tapılmadı! | Fayl: C:\xampp\htdocs\eshop\vendor\core\Router.php | Xətt: 67
=====================
[23.08.2024 12:47:12] Xəta: Səhifə tapılmadı! | Fayl: C:\xampp\htdocs\eshop\vendor\core\Router.php | Xətt: 67
=====================
[23.08.2024 12:47:12] Xəta: Səhifə tapılmadı! | Fayl: C:\xampp\htdocs\eshop\vendor\core\Router.php | Xətt: 67
=====================
[23.08.2024 12:47:12] Xəta: Səhifə tapılmadı! | Fayl: C:\xampp\htdocs\eshop\vendor\core\Router.php | Xətt: 67
=====================
[23.08.2024 12:47:12] Xəta: Səhifə tapılmadı! | Fayl: C:\xampp\htdocs\eshop\vendor\core\Router.php | Xətt: 67
=====================
[23.08.2024 12:47:12] Xəta: Səhifə tapılmadı! | Fayl: C:\xampp\htdocs\eshop\vendor\core\Router.php | Xətt: 67
=====================
[23.08.2024 12:47:13] Xəta: Səhifə tapılmadı! | Fayl: C:\xampp\htdocs\eshop\vendor\core\Router.php | Xətt: 67
=====================
[23.08.2024 12:47:13] Xəta: Səhifə tapılmadı! | Fayl: C:\xampp\htdocs\eshop\vendor\core\Router.php | Xətt: 67
=====================
[23.08.2024 12:47:13] Xəta: Səhifə tapılmadı! | Fayl: C:\xampp\htdocs\eshop\vendor\core\Router.php | Xətt: 67
=====================
[23.08.2024 12:47:13] Xəta: Səhifə tapılmadı! | Fayl: C:\xampp\htdocs\eshop\vendor\core\Router.php | Xətt: 67
=====================
[23.08.2024 12:47:13] Xəta: Səhifə tapılmadı! | Fayl: C:\xampp\htdocs\eshop\vendor\core\Router.php | Xətt: 67
=====================
[23.08.2024 12:47:13] Xəta: Səhifə tapılmadı! | Fayl: C:\xampp\htdocs\eshop\vendor\core\Router.php | Xətt: 67
=====================
[23.08.2024 12:47:13] Xəta: Səhifə tapılmadı! | Fayl: C:\xampp\htdocs\eshop\vendor\core\Router.php | Xətt: 67
=====================
[23.08.2024 12:47:13] Xəta: Səhifə tapılmadı! | Fayl: C:\xampp\htdocs\eshop\vendor\core\Router.php | Xətt: 67
=====================
[23.08.2024 12:47:13] Xəta: Səhifə tapılmadı! | Fayl: C:\xampp\htdocs\eshop\vendor\core\Router.php | Xətt: 67
=====================
[23.08.2024 12:47:13] Xəta: Səhifə tapılmadı! | Fayl: C:\xampp\htdocs\eshop\vendor\core\Router.php | Xətt: 67
=====================
[23.08.2024 12:47:13] Xəta: Səhifə tapılmadı! | Fayl: C:\xampp\htdocs\eshop\vendor\core\Router.php | Xətt: 67
=====================
[23.08.2024 12:47:13] Xəta: Səhifə tapılmadı! | Fayl: C:\xampp\htdocs\eshop\vendor\core\Router.php | Xətt: 67
=====================
[23.08.2024 12:47:13] Xəta: Səhifə tapılmadı! | Fayl: C:\xampp\htdocs\eshop\vendor\core\Router.php | Xətt: 67
=====================
[23.08.2024 12:47:13] Xəta: Səhifə tapılmadı! | Fayl: C:\xampp\htdocs\eshop\vendor\core\Router.php | Xətt: 67
=====================
[23.08.2024 12:47:13] Xəta: Səhifə tapılmadı! | Fayl: C:\xampp\htdocs\eshop\vendor\core\Router.php | Xətt: 67
=====================
[23.08.2024 12:47:13] Xəta: Səhifə tapılmadı! | Fayl: C:\xampp\htdocs\eshop\vendor\core\Router.php | Xətt: 67
=====================
[23.08.2024 12:47:13] Xəta: Səhifə tapılmadı! | Fayl: C:\xampp\htdocs\eshop\vendor\core\Router.php | Xətt: 67
=====================
[23.08.2024 12:47:13] Xəta: Səhifə tapılmadı! | Fayl: C:\xampp\htdocs\eshop\vendor\core\Router.php | Xətt: 67
=====================
[23.08.2024 12:47:58] Xəta: Səhifə tapılmadı! | Fayl: C:\xampp\htdocs\eshop\vendor\core\Router.php | Xətt: 67
=====================
[23.08.2024 12:47:58] Xəta: Səhifə tapılmadı! | Fayl: C:\xampp\htdocs\eshop\vendor\core\Router.php | Xətt: 67
=====================
[23.08.2024 12:47:58] Xəta: Səhifə tapılmadı! | Fayl: C:\xampp\htdocs\eshop\vendor\core\Router.php | Xətt: 67
=====================
[23.08.2024 12:47:58] Xəta: Səhifə tapılmadı! | Fayl: C:\xampp\htdocs\eshop\vendor\core\Router.php | Xətt: 67
=====================
[23.08.2024 12:47:58] Xəta: Səhifə tapılmadı! | Fayl: C:\xampp\htdocs\eshop\vendor\core\Router.php | Xətt: 67
=====================
[23.08.2024 12:47:58] Xəta: Səhifə tapılmadı! | Fayl: C:\xampp\htdocs\eshop\vendor\core\Router.php | Xətt: 67
=====================
[23.08.2024 12:47:58] Xəta: Səhifə tapılmadı! | Fayl: C:\xampp\htdocs\eshop\vendor\core\Router.php | Xətt: 67
=====================
[23.08.2024 12:47:58] Xəta: Səhifə tapılmadı! | Fayl: C:\xampp\htdocs\eshop\vendor\core\Router.php | Xətt: 67
=====================
[23.08.2024 12:47:58] Xəta: Səhifə tapılmadı! | Fayl: C:\xampp\htdocs\eshop\vendor\core\Router.php | Xətt: 67
=====================
[23.08.2024 12:47:58] Xəta: Səhifə tapılmadı! | Fayl: C:\xampp\htdocs\eshop\vendor\core\Router.php | Xətt: 67
=====================
[23.08.2024 12:49:55] Xəta: Səhifə tapılmadı! | Fayl: C:\xampp\htdocs\eshop\vendor\core\Router.php | Xətt: 67
=====================
[23.08.2024 12:49:55] Xəta: Səhifə tapılmadı! | Fayl: C:\xampp\htdocs\eshop\vendor\core\Router.php | Xətt: 67
=====================
[23.08.2024 12:49:55] Xəta: Səhifə tapılmadı! | Fayl: C:\xampp\htdocs\eshop\vendor\core\Router.php | Xətt: 67
=====================
[23.08.2024 12:49:55] Xəta: Səhifə tapılmadı! | Fayl: C:\xampp\htdocs\eshop\vendor\core\Router.php | Xətt: 67
=====================
[23.08.2024 12:49:55] Xəta: Səhifə tapılmadı! | Fayl: C:\xampp\htdocs\eshop\vendor\core\Router.php | Xətt: 67
=====================
[23.08.2024 12:49:55] Xəta: Səhifə tapılmadı! | Fayl: C:\xampp\htdocs\eshop\vendor\core\Router.php | Xətt: 67
=====================
[23.08.2024 12:49:55] Xəta: Səhifə tapılmadı! | Fayl: C:\xampp\htdocs\eshop\vendor\core\Router.php | Xətt: 67
=====================
[23.08.2024 12:49:55] Xəta: Səhifə tapılmadı! | Fayl: C:\xampp\htdocs\eshop\vendor\core\Router.php | Xətt: 67
=====================
[23.08.2024 12:49:55] Xəta: Səhifə tapılmadı! | Fayl: C:\xampp\htdocs\eshop\vendor\core\Router.php | Xətt: 67
=====================
[23.08.2024 12:49:55] Xəta: Səhifə tapılmadı! | Fayl: C:\xampp\htdocs\eshop\vendor\core\Router.php | Xətt: 67
=====================
[23.08.2024 12:51:47] Xəta: Səhifə tapılmadı! | Fayl: C:\xampp\htdocs\eshop\vendor\core\Router.php | Xətt: 67
=====================
[23.08.2024 12:51:47] Xəta: Səhifə tapılmadı! | Fayl: C:\xampp\htdocs\eshop\vendor\core\Router.php | Xətt: 67
=====================
[23.08.2024 12:51:47] Xəta: Səhifə tapılmadı! | Fayl: C:\xampp\htdocs\eshop\vendor\core\Router.php | Xətt: 67
=====================
[23.08.2024 12:51:47] Xəta: Səhifə tapılmadı! | Fayl: C:\xampp\htdocs\eshop\vendor\core\Router.php | Xətt: 67
=====================
[23.08.2024 12:51:47] Xəta: Səhifə tapılmadı! | Fayl: C:\xampp\htdocs\eshop\vendor\core\Router.php | Xətt: 67
=====================
[23.08.2024 12:51:47] Xəta: Səhifə tapılmadı! | Fayl: C:\xampp\htdocs\eshop\vendor\core\Router.php | Xətt: 67
=====================
[23.08.2024 12:51:47] Xəta: Səhifə tapılmadı! | Fayl: C:\xampp\htdocs\eshop\vendor\core\Router.php | Xətt: 67
=====================
[23.08.2024 12:51:50] Xəta: Səhifə tapılmadı! | Fayl: C:\xampp\htdocs\eshop\vendor\core\Router.php | Xətt: 67
=====================
[23.08.2024 12:52:23] Xəta: Səhifə tapılmadı! | Fayl: C:\xampp\htdocs\eshop\vendor\core\Router.php | Xətt: 67
=====================
[23.08.2024 12:52:23] Xəta: Səhifə tapılmadı! | Fayl: C:\xampp\htdocs\eshop\vendor\core\Router.php | Xətt: 67
=====================
[23.08.2024 12:52:23] Xəta: Səhifə tapılmadı! | Fayl: C:\xampp\htdocs\eshop\vendor\core\Router.php | Xətt: 67
=====================
[23.08.2024 12:52:23] Xəta: Səhifə tapılmadı! | Fayl: C:\xampp\htdocs\eshop\vendor\core\Router.php | Xətt: 67
=====================
[23.08.2024 12:52:23] Xəta: Səhifə tapılmadı! | Fayl: C:\xampp\htdocs\eshop\vendor\core\Router.php | Xətt: 67
=====================
[23.08.2024 12:52:29] Xəta: Səhifə tapılmadı! | Fayl: C:\xampp\htdocs\eshop\vendor\core\Router.php | Xətt: 67
=====================
[23.08.2024 12:52:29] Xəta: Səhifə tapılmadı! | Fayl: C:\xampp\htdocs\eshop\vendor\core\Router.php | Xətt: 67
=====================
[23.08.2024 12:52:29] Xəta: Səhifə tapılmadı! | Fayl: C:\xampp\htdocs\eshop\vendor\core\Router.php | Xətt: 67
=====================
[23.08.2024 12:52:29] Xəta: Səhifə tapılmadı! | Fayl: C:\xampp\htdocs\eshop\vendor\core\Router.php | Xətt: 67
=====================
[23.08.2024 12:52:29] Xəta: Səhifə tapılmadı! | Fayl: C:\xampp\htdocs\eshop\vendor\core\Router.php | Xətt: 67
=====================
[23.08.2024 13:46:29] Xəta: Call to a member function getDatabase() on null | Fayl: C:\xampp\htdocs\eshop\vendor\core\View.php | Xətt: 66
=====================
[23.08.2024 16:42:56] Xəta: Səhifə tapılmadı! | Fayl: C:\xampp\htdocs\eshop\vendor\core\Router.php | Xətt: 67
=====================
[23.08.2024 16:50:15] Xəta: Typed property core\Controller::$model must not be accessed before initialization | Fayl: C:\xampp\htdocs\eshop\app\controllers\admin\UserController.php | Xətt: 18
=====================
[23.08.2024 16:51:19] Xəta: Typed property core\Controller::$model must not be accessed before initialization | Fayl: C:\xampp\htdocs\eshop\app\controllers\admin\UserController.php | Xətt: 18
=====================
[23.08.2024 16:51:30] Xəta: Typed property core\Controller::$model must not be accessed before initialization | Fayl: C:\xampp\htdocs\eshop\app\controllers\admin\UserController.php | Xətt: 18
=====================
[23.08.2024 16:54:23] Xəta: Səhifə tapılmadı! | Fayl: C:\xampp\htdocs\eshop\vendor\core\Router.php | Xətt: 67
=====================
[23.08.2024 16:54:33] Xəta: Typed property core\Controller::$model must not be accessed before initialization | Fayl: C:\xampp\htdocs\eshop\app\controllers\admin\UserController.php | Xətt: 18
=====================
[23.08.2024 17:00:38] Xəta: Class "app\models\admin\UserAdmin" not found | Fayl: C:\xampp\htdocs\eshop\app\controllers\admin\AppController.php | Xətt: 18
=====================
[23.08.2024 17:00:40] Xəta: Class "app\models\admin\UserAdmin" not found | Fayl: C:\xampp\htdocs\eshop\app\controllers\admin\AppController.php | Xətt: 18
=====================
[23.08.2024 17:00:42] Xəta: Class "app\models\admin\UserAdmin" not found | Fayl: C:\xampp\htdocs\eshop\app\controllers\admin\AppController.php | Xətt: 18
=====================
[23.08.2024 17:02:41] Xəta: Typed property core\Controller::$model must not be accessed before initialization | Fayl: C:\xampp\htdocs\eshop\app\controllers\admin\UserController.php | Xətt: 18
=====================
